[2016-11-01 07:22:34,446] INFO     0[localhost-startStop-1] - org.springframework.web.context.ContextLoader.initWebApplicationContext(ContextLoader.java:272) - Root WebApplicationContext: initialization started
[2016-11-01 07:22:34,554] INFO   108[localhost-startStop-1] - org.springframework.context.support.AbstractApplicationContext.prepareRefresh(AbstractApplicationContext.java:495) - Refreshing Root WebApplicationContext: startup date [Tue Nov 01 07:22:34 EDT 2016]; root of context hierarchy
[2016-11-01 07:22:34,626] INFO   180[localhost-startStop-1] - org.springframework.beans.factory.xml.XmlBeanDefinitionReader.loadBeanDefinitions(XmlBeanDefinitionReader.java:315) - Loading XML bean definitions from ServletContext resource [/WEB-INF/applicationContext.xml]
[2016-11-01 07:22:34,919] INFO   473[localhost-startStop-1] - org.springframework.context.annotation.ClassPathScanningCandidateComponentProvider.registerDefaultFilters(ClassPathScanningCandidateComponentProvider.java:201) - JSR-250 'javax.annotation.ManagedBean' found and supported for component scanning
[2016-11-01 07:22:34,921] INFO   475[localhost-startStop-1] - org.springframework.context.annotation.ClassPathScanningCandidateComponentProvider.registerDefaultFilters(ClassPathScanningCandidateComponentProvider.java:209) - JSR-330 'javax.inject.Named' annotation found and supported for component scanning
[2016-11-01 07:22:35,016] INFO   570[localhost-startStop-1] - org.springframework.context.annotation.ClassPathScanningCandidateComponentProvider.registerDefaultFilters(ClassPathScanningCandidateComponentProvider.java:201) - JSR-250 'javax.annotation.ManagedBean' found and supported for component scanning
[2016-11-01 07:22:35,017] INFO   571[localhost-startStop-1] - org.springframework.context.annotation.ClassPathScanningCandidateComponentProvider.registerDefaultFilters(ClassPathScanningCandidateComponentProvider.java:209) - JSR-330 'javax.inject.Named' annotation found and supported for component scanning
[2016-11-01 07:22:35,065] INFO   619[localhost-startStop-1] - org.springframework.context.annotation.ClassPathScanningCandidateComponentProvider.registerDefaultFilters(ClassPathScanningCandidateComponentProvider.java:201) - JSR-250 'javax.annotation.ManagedBean' found and supported for component scanning
[2016-11-01 07:22:35,066] INFO   620[localhost-startStop-1] - org.springframework.context.annotation.ClassPathScanningCandidateComponentProvider.registerDefaultFilters(ClassPathScanningCandidateComponentProvider.java:209) - JSR-330 'javax.inject.Named' annotation found and supported for component scanning
[2016-11-01 07:22:35,148] INFO   702[localhost-startStop-1] - org.springframework.beans.factory.xml.XmlBeanDefinitionReader.loadBeanDefinitions(XmlBeanDefinitionReader.java:315) - Loading XML bean definitions from ServletContext resource [/WEB-INF/security.xml]
[2016-11-01 07:22:35,248] INFO   802[localhost-startStop-1] - org.springframework.security.core.SpringSecurityCoreVersion.<clinit>(SpringSecurityCoreVersion.java:33) - You are running with Spring Security Core 3.1.0.RELEASE
[2016-11-01 07:22:35,248] INFO   802[localhost-startStop-1] - org.springframework.security.config.SecurityNamespaceHandler.<init>(SecurityNamespaceHandler.java:57) - Spring Security 'config' module version is 3.1.0.RELEASE
[2016-11-01 07:22:35,320] INFO   874[localhost-startStop-1] - org.springframework.security.config.http.FilterInvocationSecurityMetadataSourceParser.parseInterceptUrlsForFilterInvocationRequestMap(FilterInvocationSecurityMetadataSourceParser.java:134) - Creating access control expression attribute 'permitAll' for /login
[2016-11-01 07:22:35,321] INFO   875[localhost-startStop-1] - org.springframework.security.config.http.FilterInvocationSecurityMetadataSourceParser.parseInterceptUrlsForFilterInvocationRequestMap(FilterInvocationSecurityMetadataSourceParser.java:134) - Creating access control expression attribute 'hasRole('ROLE_Administrator')' for /users*
[2016-11-01 07:22:35,321] INFO   875[localhost-startStop-1] - org.springframework.security.config.http.FilterInvocationSecurityMetadataSourceParser.parseInterceptUrlsForFilterInvocationRequestMap(FilterInvocationSecurityMetadataSourceParser.java:134) - Creating access control expression attribute 'hasRole('ROLE_Administrator')' for /editU*
[2016-11-01 07:22:35,322] INFO   876[localhost-startStop-1] - org.springframework.security.config.http.FilterInvocationSecurityMetadataSourceParser.parseInterceptUrlsForFilterInvocationRequestMap(FilterInvocationSecurityMetadataSourceParser.java:134) - Creating access control expression attribute 'hasRole('ROLE_Administrator')' for /addU*
[2016-11-01 07:22:35,323] INFO   877[localhost-startStop-1] - org.springframework.security.config.http.FilterInvocationSecurityMetadataSourceParser.parseInterceptUrlsForFilterInvocationRequestMap(FilterInvocationSecurityMetadataSourceParser.java:134) - Creating access control expression attribute 'hasRole('ROLE_Supervisor')' for /editI*
[2016-11-01 07:22:35,323] INFO   877[localhost-startStop-1] - org.springframework.security.config.http.FilterInvocationSecurityMetadataSourceParser.parseInterceptUrlsForFilterInvocationRequestMap(FilterInvocationSecurityMetadataSourceParser.java:134) - Creating access control expression attribute 'hasRole('ROLE_Administrator')' for /delete/*
[2016-11-01 07:22:35,324] INFO   878[localhost-startStop-1] - org.springframework.security.config.http.FilterInvocationSecurityMetadataSourceParser.parseInterceptUrlsForFilterInvocationRequestMap(FilterInvocationSecurityMetadataSourceParser.java:134) - Creating access control expression attribute 'hasAnyRole('ROLE_Supervisor')' for /item*
[2016-11-01 07:22:35,324] INFO   878[localhost-startStop-1] - org.springframework.security.config.http.FilterInvocationSecurityMetadataSourceParser.parseInterceptUrlsForFilterInvocationRequestMap(FilterInvocationSecurityMetadataSourceParser.java:134) - Creating access control expression attribute 'hasAnyRole('ROLE_Administrator','ROLE_Customer','ROLE_Merchandiser','ROLE_Supervisor')' for /userInfo*
[2016-11-01 07:22:35,329] INFO   883[localhost-startStop-1] - org.springframework.security.config.http.FilterInvocationSecurityMetadataSourceParser.parseInterceptUrlsForFilterInvocationRequestMap(FilterInvocationSecurityMetadataSourceParser.java:134) - Creating access control expression attribute 'hasAnyRole('ROLE_Administrator','ROLE_Customer','ROLE_Merchandiser')' for /order*
[2016-11-01 07:22:35,329] INFO   883[localhost-startStop-1] - org.springframework.security.config.http.FilterInvocationSecurityMetadataSourceParser.parseInterceptUrlsForFilterInvocationRequestMap(FilterInvocationSecurityMetadataSourceParser.java:134) - Creating access control expression attribute 'hasAnyRole('ROLE_Administrator','ROLE_Customer','ROLE_Merchandiser')' for /orderItems*
[2016-11-01 07:22:35,330] INFO   884[localhost-startStop-1] - org.springframework.security.config.http.FilterInvocationSecurityMetadataSourceParser.parseInterceptUrlsForFilterInvocationRequestMap(FilterInvocationSecurityMetadataSourceParser.java:134) - Creating access control expression attribute 'hasAnyRole('ROLE_Merchandiser')' for /merchandiser*
[2016-11-01 07:22:35,330] INFO   884[localhost-startStop-1] - org.springframework.security.config.http.FilterInvocationSecurityMetadataSourceParser.parseInterceptUrlsForFilterInvocationRequestMap(FilterInvocationSecurityMetadataSourceParser.java:134) - Creating access control expression attribute 'hasAnyRole('ROLE_Customer')' for /listProduct*
[2016-11-01 07:22:35,369] INFO   923[localhost-startStop-1] - org.springframework.security.config.http.HttpSecurityBeanDefinitionParser.checkFilterChainOrder(HttpSecurityBeanDefinitionParser.java:229) - Checking sorted filter chain: [<concurrencyFilter>, order = 200, Root bean: class [org.springframework.security.web.context.SecurityContextPersistenceFilter]; scope=; abstract=false; lazyInit=false; autowireMode=0; dependencyCheck=0; autowireCandidate=true; primary=false; factoryBeanName=null; factoryMethodName=null; initMethodName=null; destroyMethodName=null, order = 300, Root bean: class [org.springframework.security.web.authentication.logout.LogoutFilter]; scope=; abstract=false; lazyInit=false; autowireMode=0; dependencyCheck=0; autowireCandidate=true; primary=false; factoryBeanName=null; factoryMethodName=null; initMethodName=null; destroyMethodName=null, order = 400, <authenticationFilter>, order = 800, Root bean: class [org.springframework.security.web.savedrequest.RequestCacheAwareFilter]; scope=; abstract=false; lazyInit=false; autowireMode=0; dependencyCheck=0; autowireCandidate=true; primary=false; factoryBeanName=null; factoryMethodName=null; initMethodName=null; destroyMethodName=null, order = 1300, Root bean: class [org.springframework.security.web.servletapi.SecurityContextHolderAwareRequestFilter]; scope=; abstract=false; lazyInit=false; autowireMode=0; dependencyCheck=0; autowireCandidate=true; primary=false; factoryBeanName=null; factoryMethodName=null; initMethodName=null; destroyMethodName=null, order = 1400, Root bean: class [org.springframework.security.web.authentication.rememberme.RememberMeAuthenticationFilter]; scope=; abstract=false; lazyInit=false; autowireMode=0; dependencyCheck=0; autowireCandidate=true; primary=false; factoryBeanName=null; factoryMethodName=null; initMethodName=null; destroyMethodName=null, order = 1600, Root bean: class [org.springframework.security.web.authentication.AnonymousAuthenticationFilter]; scope=; abstract=false; lazyInit=false; autowireMode=0; dependencyCheck=0; autowireCandidate=true; primary=false; factoryBeanName=null; factoryMethodName=null; initMethodName=null; destroyMethodName=null, order = 1700, Root bean: class [org.springframework.security.web.session.SessionManagementFilter]; scope=; abstract=false; lazyInit=false; autowireMode=0; dependencyCheck=0; autowireCandidate=true; primary=false; factoryBeanName=null; factoryMethodName=null; initMethodName=null; destroyMethodName=null, order = 1800, Root bean: class [org.springframework.security.web.access.ExceptionTranslationFilter]; scope=; abstract=false; lazyInit=false; autowireMode=0; dependencyCheck=0; autowireCandidate=true; primary=false; factoryBeanName=null; factoryMethodName=null; initMethodName=null; destroyMethodName=null, order = 1900, <org.springframework.security.web.access.intercept.FilterSecurityInterceptor#0>, order = 2000]
[2016-11-01 07:22:35,638] INFO  1192[localhost-startStop-1] - org.springframework.beans.factory.annotation.AutowiredAnnotationBeanPostProcessor.<init>(AutowiredAnnotationBeanPostProcessor.java:139) - JSR-330 'javax.inject.Inject' annotation found and supported for autowiring
[2016-11-01 07:22:35,824] INFO  1378[localhost-startStop-1] - org.springframework.beans.factory.support.DefaultListableBeanFactory.preInstantiateSingletons(DefaultListableBeanFactory.java:557) - Pre-instantiating singletons in org.springframework.beans.factory.support.DefaultListableBeanFactory@3c00f07e: defining beans [transactionManager,org.springframework.aop.config.internalAutoProxyCreator,org.springframework.transaction.annotation.AnnotationTransactionAttributeSource#0,org.springframework.transaction.interceptor.TransactionInterceptor#0,org.springframework.transaction.config.internalTransactionAdvisor,org.springframework.context.annotation.internalConfigurationAnnotationProcessor,org.springframework.context.annotation.internalAutowiredAnnotationProcessor,org.springframework.context.annotation.internalRequiredAnnotationProcessor,org.springframework.context.annotation.internalCommonAnnotationProcessor,org.springframework.context.annotation.internalPersistenceAnnotationProcessor,creditCardTypeDao,customerTypeDao,dimensionDao,orderDao,orderItemDao,orderStatusDao,productDao,regionDao,roleDao,userDao,customerTypeService,dimensionService,orderItemService,orderService,orderStatusService,productService,regionService,roleService,userService,mySessionFactory,addUserValidator,editUserValidator,addProductValidator,listProductModelValidator,org.springframework.web.servlet.mvc.annotation.AnnotationMethodHandlerAdapter#0,messageSource,validator,org.springframework.security.filterChains,org.springframework.security.filterChainProxy,org.springframework.security.web.PortMapperImpl#0,org.springframework.security.config.authentication.AuthenticationManagerFactoryBean#0,org.springframework.security.authentication.ProviderManager#0,org.springframework.security.web.context.HttpSessionSecurityContextRepository#0,org.springframework.security.web.savedrequest.HttpSessionRequestCache#0,org.springframework.security.web.access.expression.DefaultWebSecurityExpressionHandler#0,org.springframework.security.access.vote.AffirmativeBased#0,org.springframework.security.web.access.intercept.FilterSecurityInterceptor#0,org.springframework.security.web.access.DefaultWebInvocationPrivilegeEvaluator#0,org.springframework.security.authentication.AnonymousAuthenticationProvider#0,org.springframework.security.web.authentication.rememberme.TokenBasedRememberMeServices#0,org.springframework.security.authentication.RememberMeAuthenticationProvider#0,org.springframework.security.userDetailsServiceFactory,org.springframework.security.web.DefaultSecurityFilterChain#0,authenticationFilter,customAuthenticationFailureHandler,customAuthenticationSuccessHandler,authenticationEntryPoint,org.springframework.security.authentication.dao.DaoAuthenticationProvider#0,org.springframework.security.authentication.DefaultAuthenticationEventPublisher#0,org.springframework.security.authenticationManager,concurrencyFilter,sas,sessionRegistry,org.springframework.context.annotation.ConfigurationClassPostProcessor$ImportAwareBeanPostProcessor#0]; root of factory hierarchy
[2016-11-01 07:22:36,076] INFO  1630[localhost-startStop-1] - org.hibernate.annotations.common.Version.<clinit>(Version.java:37) - Hibernate Commons Annotations 3.2.0.Final
[2016-11-01 07:22:36,091] INFO  1645[localhost-startStop-1] - org.hibernate.cfg.Environment.<clinit>(Environment.java:603) - Hibernate 3.6.5.Final
[2016-11-01 07:22:36,093] INFO  1647[localhost-startStop-1] - org.hibernate.cfg.Environment.<clinit>(Environment.java:636) - hibernate.properties not found
[2016-11-01 07:22:36,095] INFO  1649[localhost-startStop-1] - org.hibernate.cfg.Environment.buildBytecodeProvider(Environment.java:814) - Bytecode provider name : javassist
[2016-11-01 07:22:36,098] INFO  1652[localhost-startStop-1] - org.hibernate.cfg.Environment.<clinit>(Environment.java:695) - using JDK 1.4 java.sql.Timestamp handling
[2016-11-01 07:22:36,271] INFO  1825[localhost-startStop-1] - org.hibernate.cfg.Configuration.configure(Configuration.java:2192) - configuring from url: jndi:/localhost/oms5/WEB-INF/hibernate.cfg.xml
[2016-11-01 07:22:36,303] WARN  1857[localhost-startStop-1] - org.hibernate.util.DTDEntityResolver.resolveEntity(DTDEntityResolver.java:73) - recognized obsolete hibernate namespace http://hibernate.sourceforge.net/. Use namespace http://www.hibernate.org/dtd/ instead. Refer to Hibernate 3.6 Migration Guide!
[2016-11-01 07:22:36,438] INFO  1992[localhost-startStop-1] - org.hibernate.cfg.Configuration.doConfigure(Configuration.java:2297) - Configured SessionFactory: null
[2016-11-01 07:22:36,488] INFO  2042[localhost-startStop-1] - org.hibernate.cfg.AnnotationBinder.bindClass(AnnotationBinder.java:532) - Binding entity from annotated class: com.softserveinc.edu.oms.domain.entities.Role
[2016-11-01 07:22:36,550] INFO  2104[localhost-startStop-1] - org.hibernate.cfg.annotations.EntityBinder.bindTable(EntityBinder.java:530) - Bind entity com.softserveinc.edu.oms.domain.entities.Role on table Roles
[2016-11-01 07:22:36,605] INFO  2159[localhost-startStop-1] - org.hibernate.cfg.AnnotationBinder.bindClass(AnnotationBinder.java:532) - Binding entity from annotated class: com.softserveinc.edu.oms.domain.entities.Region
[2016-11-01 07:22:36,606] INFO  2160[localhost-startStop-1] - org.hibernate.cfg.annotations.EntityBinder.bindTable(EntityBinder.java:530) - Bind entity com.softserveinc.edu.oms.domain.entities.Region on table Regions
[2016-11-01 07:22:36,622] INFO  2176[localhost-startStop-1] - org.hibernate.cfg.AnnotationBinder.bindClass(AnnotationBinder.java:532) - Binding entity from annotated class: com.softserveinc.edu.oms.domain.entities.CustomerType
[2016-11-01 07:22:36,623] INFO  2177[localhost-startStop-1] - org.hibernate.cfg.annotations.EntityBinder.bindTable(EntityBinder.java:530) - Bind entity com.softserveinc.edu.oms.domain.entities.CustomerType on table CustomerTypes
[2016-11-01 07:22:36,624] INFO  2178[localhost-startStop-1] - org.hibernate.cfg.AnnotationBinder.bindClass(AnnotationBinder.java:532) - Binding entity from annotated class: com.softserveinc.edu.oms.domain.entities.User
[2016-11-01 07:22:36,625] INFO  2179[localhost-startStop-1] - org.hibernate.cfg.annotations.EntityBinder.bindTable(EntityBinder.java:530) - Bind entity com.softserveinc.edu.oms.domain.entities.User on table Users
[2016-11-01 07:22:36,646] INFO  2200[localhost-startStop-1] - org.hibernate.cfg.AnnotationBinder.bindClass(AnnotationBinder.java:532) - Binding entity from annotated class: com.softserveinc.edu.oms.domain.entities.OrderStatus
[2016-11-01 07:22:36,647] INFO  2201[localhost-startStop-1] - org.hibernate.cfg.annotations.EntityBinder.bindTable(EntityBinder.java:530) - Bind entity com.softserveinc.edu.oms.domain.entities.OrderStatus on table OrderStatuses
[2016-11-01 07:22:36,648] INFO  2202[localhost-startStop-1] - org.hibernate.cfg.AnnotationBinder.bindClass(AnnotationBinder.java:532) - Binding entity from annotated class: com.softserveinc.edu.oms.domain.entities.Order
[2016-11-01 07:22:36,648] INFO  2202[localhost-startStop-1] - org.hibernate.cfg.annotations.EntityBinder.bindTable(EntityBinder.java:530) - Bind entity com.softserveinc.edu.oms.domain.entities.Order on table Orders
[2016-11-01 07:22:36,694] INFO  2248[localhost-startStop-1] - org.hibernate.cfg.AnnotationBinder.bindClass(AnnotationBinder.java:532) - Binding entity from annotated class: com.softserveinc.edu.oms.domain.entities.Product
[2016-11-01 07:22:36,694] INFO  2248[localhost-startStop-1] - org.hibernate.cfg.annotations.EntityBinder.bindTable(EntityBinder.java:530) - Bind entity com.softserveinc.edu.oms.domain.entities.Product on table Products
[2016-11-01 07:22:36,696] INFO  2250[localhost-startStop-1] - org.hibernate.cfg.AnnotationBinder.bindClass(AnnotationBinder.java:532) - Binding entity from annotated class: com.softserveinc.edu.oms.domain.entities.Dimension
[2016-11-01 07:22:36,696] INFO  2250[localhost-startStop-1] - org.hibernate.cfg.annotations.EntityBinder.bindTable(EntityBinder.java:530) - Bind entity com.softserveinc.edu.oms.domain.entities.Dimension on table Dimensions
[2016-11-01 07:22:36,697] INFO  2251[localhost-startStop-1] - org.hibernate.cfg.AnnotationBinder.bindClass(AnnotationBinder.java:532) - Binding entity from annotated class: com.softserveinc.edu.oms.domain.entities.OrderItem
[2016-11-01 07:22:36,698] INFO  2252[localhost-startStop-1] - org.hibernate.cfg.annotations.EntityBinder.bindTable(EntityBinder.java:530) - Bind entity com.softserveinc.edu.oms.domain.entities.OrderItem on table OrderItems
[2016-11-01 07:22:36,700] INFO  2254[localhost-startStop-1] - org.hibernate.cfg.AnnotationBinder.bindClass(AnnotationBinder.java:532) - Binding entity from annotated class: com.softserveinc.edu.oms.domain.entities.CreditCardType
[2016-11-01 07:22:36,700] INFO  2254[localhost-startStop-1] - org.hibernate.cfg.annotations.EntityBinder.bindTable(EntityBinder.java:530) - Bind entity com.softserveinc.edu.oms.domain.entities.CreditCardType on table CardType
[2016-11-01 07:22:36,718] INFO  2272[localhost-startStop-1] - org.hibernate.cfg.annotations.CollectionBinder.bindOneToManySecondPass(CollectionBinder.java:762) - Mapping collection: com.softserveinc.edu.oms.domain.entities.Order.orderItems -> OrderItems
[2016-11-01 07:22:36,720] INFO  2274[localhost-startStop-1] - org.hibernate.cfg.Configuration.applyHibernateValidatorLegacyConstraintsOnDDL(Configuration.java:1676) - Hibernate Validator not found: ignoring
[2016-11-01 07:22:36,742] INFO  2296[localhost-startStop-1] - org.hibernate.validator.util.Version.<clinit>(Version.java:24) - Hibernate Validator 4.2.0.Final
[2016-11-01 07:22:36,857] INFO  2411[localhost-startStop-1] - org.springframework.orm.hibernate3.LocalSessionFactoryBean.buildSessionFactory(LocalSessionFactoryBean.java:777) - Building new Hibernate SessionFactory
[2016-11-01 07:22:36,883] INFO  2437[localhost-startStop-1] - org.hibernate.cfg.search.HibernateSearchEventListenerRegister.enableHibernateSearch(HibernateSearchEventListenerRegister.java:75) - Unable to find org.hibernate.search.event.FullTextIndexEventListener on the classpath. Hibernate Search is not enabled.
[2016-11-01 07:22:36,901] INFO  2455[localhost-startStop-1] - org.hibernate.connection.DriverManagerConnectionProvider.configure(DriverManagerConnectionProvider.java:64) - Using Hibernate built-in connection pool (not for production use!)
[2016-11-01 07:22:36,901] INFO  2455[localhost-startStop-1] - org.hibernate.connection.DriverManagerConnectionProvider.configure(DriverManagerConnectionProvider.java:65) - Hibernate connection pool size: 20
[2016-11-01 07:22:36,901] INFO  2455[localhost-startStop-1] - org.hibernate.connection.DriverManagerConnectionProvider.configure(DriverManagerConnectionProvider.java:68) - autocommit mode: false
[2016-11-01 07:22:36,903] INFO  2457[localhost-startStop-1] - org.hibernate.connection.DriverManagerConnectionProvider.configure(DriverManagerConnectionProvider.java:103) - using driver: com.mysql.jdbc.Driver at URL: jdbc:mysql://localhost:3306/oms
[2016-11-01 07:22:36,904] INFO  2458[localhost-startStop-1] - org.hibernate.connection.DriverManagerConnectionProvider.configure(DriverManagerConnectionProvider.java:109) - connection properties: {autoReconnect=true, is-connection-validation-required=true, user=oms, password=****, autoReconnectForPools=true}
[2016-11-01 07:22:37,400] INFO  2954[localhost-startStop-1] - org.hibernate.dialect.Dialect.<init>(Dialect.java:135) - Using dialect: org.hibernate.dialect.MySQL5Dialect
[2016-11-01 07:22:37,423] INFO  2977[localhost-startStop-1] - org.hibernate.cfg.SettingsFactory.buildSettings(SettingsFactory.java:126) - Database ->
       name : MySQL
    version : 5.7.16
      major : 5
      minor : 7
[2016-11-01 07:22:37,423] INFO  2977[localhost-startStop-1] - org.hibernate.cfg.SettingsFactory.buildSettings(SettingsFactory.java:132) - Driver ->
       name : MySQL-AB JDBC Driver
    version : mysql-connector-java-5.1.17 ( Revision: ${bzr.revision-id} )
      major : 5
      minor : 1
[2016-11-01 07:22:37,424] INFO  2978[localhost-startStop-1] - org.hibernate.transaction.TransactionFactoryFactory.buildTransactionFactory(TransactionFactoryFactory.java:65) - Transaction strategy: org.springframework.orm.hibernate3.SpringTransactionFactory
[2016-11-01 07:22:37,425] INFO  2979[localhost-startStop-1] - org.hibernate.transaction.TransactionManagerLookupFactory.getTransactionManagerLookup(TransactionManagerLookupFactory.java:83) - No TransactionManagerLookup configured (in JTA environment, use of read-write or transactional second-level cache is not recommended)
[2016-11-01 07:22:37,425] INFO  2979[localhost-startStop-1] - org.hibernate.cfg.SettingsFactory.buildSettings(SettingsFactory.java:179) - Automatic flush during beforeCompletion(): disabled
[2016-11-01 07:22:37,426] INFO  2980[localhost-startStop-1] - org.hibernate.cfg.SettingsFactory.buildSettings(SettingsFactory.java:183) - Automatic session close at end of transaction: disabled
[2016-11-01 07:22:37,426] INFO  2980[localhost-startStop-1] - org.hibernate.cfg.SettingsFactory.buildSettings(SettingsFactory.java:190) - JDBC batch size: 15
[2016-11-01 07:22:37,426] INFO  2980[localhost-startStop-1] - org.hibernate.cfg.SettingsFactory.buildSettings(SettingsFactory.java:193) - JDBC batch updates for versioned data: disabled
[2016-11-01 07:22:37,427] INFO  2981[localhost-startStop-1] - org.hibernate.cfg.SettingsFactory.buildSettings(SettingsFactory.java:198) - Scrollable result sets: enabled
[2016-11-01 07:22:37,427] INFO  2981[localhost-startStop-1] - org.hibernate.cfg.SettingsFactory.buildSettings(SettingsFactory.java:206) - JDBC3 getGeneratedKeys(): enabled
[2016-11-01 07:22:37,427] INFO  2981[localhost-startStop-1] - org.hibernate.cfg.SettingsFactory.buildSettings(SettingsFactory.java:214) - Connection release mode: auto
[2016-11-01 07:22:37,428] INFO  2982[localhost-startStop-1] - org.hibernate.cfg.SettingsFactory.buildSettings(SettingsFactory.java:238) - Maximum outer join fetch depth: 2
[2016-11-01 07:22:37,428] INFO  2982[localhost-startStop-1] - org.hibernate.cfg.SettingsFactory.buildSettings(SettingsFactory.java:241) - Default batch fetch size: 1
[2016-11-01 07:22:37,428] INFO  2982[localhost-startStop-1] - org.hibernate.cfg.SettingsFactory.buildSettings(SettingsFactory.java:245) - Generate SQL with comments: disabled
[2016-11-01 07:22:37,429] INFO  2983[localhost-startStop-1] - org.hibernate.cfg.SettingsFactory.buildSettings(SettingsFactory.java:249) - Order SQL updates by primary key: disabled
[2016-11-01 07:22:37,429] INFO  2983[localhost-startStop-1] - org.hibernate.cfg.SettingsFactory.buildSettings(SettingsFactory.java:253) - Order SQL inserts for batching: disabled
[2016-11-01 07:22:37,429] INFO  2983[localhost-startStop-1] - org.hibernate.cfg.SettingsFactory.createQueryTranslatorFactory(SettingsFactory.java:431) - Query translator: org.hibernate.hql.ast.ASTQueryTranslatorFactory
[2016-11-01 07:22:37,430] INFO  2984[localhost-startStop-1] - org.hibernate.hql.ast.ASTQueryTranslatorFactory.<init>(ASTQueryTranslatorFactory.java:47) - Using ASTQueryTranslatorFactory
[2016-11-01 07:22:37,431] INFO  2985[localhost-startStop-1] - org.hibernate.cfg.SettingsFactory.buildSettings(SettingsFactory.java:261) - Query language substitutions: {}
[2016-11-01 07:22:37,431] INFO  2985[localhost-startStop-1] - org.hibernate.cfg.SettingsFactory.buildSettings(SettingsFactory.java:266) - JPA-QL strict compliance: disabled
[2016-11-01 07:22:37,431] INFO  2985[localhost-startStop-1] - org.hibernate.cfg.SettingsFactory.buildSettings(SettingsFactory.java:271) - Second-level cache: enabled
[2016-11-01 07:22:37,432] INFO  2986[localhost-startStop-1] - org.hibernate.cfg.SettingsFactory.buildSettings(SettingsFactory.java:275) - Query cache: disabled
[2016-11-01 07:22:37,432] INFO  2986[localhost-startStop-1] - org.hibernate.cfg.SettingsFactory.createRegionFactory(SettingsFactory.java:406) - Cache region factory : org.hibernate.cache.impl.NoCachingRegionFactory
[2016-11-01 07:22:37,447] INFO  3001[localhost-startStop-1] - org.hibernate.cfg.SettingsFactory.buildSettings(SettingsFactory.java:285) - Optimize cache for minimal puts: disabled
[2016-11-01 07:22:37,447] INFO  3001[localhost-startStop-1] - org.hibernate.cfg.SettingsFactory.buildSettings(SettingsFactory.java:294) - Structured second-level cache entries: disabled
[2016-11-01 07:22:37,450] INFO  3004[localhost-startStop-1] - org.hibernate.cfg.SettingsFactory.buildSettings(SettingsFactory.java:323) - Statistics: disabled
[2016-11-01 07:22:37,451] INFO  3005[localhost-startStop-1] - org.hibernate.cfg.SettingsFactory.buildSettings(SettingsFactory.java:327) - Deleted entity synthetic identifier rollback: disabled
[2016-11-01 07:22:37,451] INFO  3005[localhost-startStop-1] - org.hibernate.cfg.SettingsFactory.buildSettings(SettingsFactory.java:343) - Default entity-mode: pojo
[2016-11-01 07:22:37,451] INFO  3005[localhost-startStop-1] - org.hibernate.cfg.SettingsFactory.buildSettings(SettingsFactory.java:347) - Named query checking : enabled
[2016-11-01 07:22:37,452] INFO  3006[localhost-startStop-1] - org.hibernate.cfg.SettingsFactory.buildSettings(SettingsFactory.java:351) - Check Nullability in Core (should be disabled when Bean Validation is on): disabled
[2016-11-01 07:22:37,492] INFO  3046[localhost-startStop-1] - org.hibernate.impl.SessionFactoryImpl.<init>(SessionFactoryImpl.java:202) - building session factory
[2016-11-01 07:22:37,496] INFO  3050[localhost-startStop-1] - org.hibernate.type.BasicTypeRegistry.register(BasicTypeRegistry.java:150) - Type registration [materialized_blob] overrides previous : org.hibernate.type.MaterializedBlobType@33efb7b
[2016-11-01 07:22:37,497] INFO  3051[localhost-startStop-1] - org.hibernate.type.BasicTypeRegistry.register(BasicTypeRegistry.java:150) - Type registration [characters_clob] overrides previous : org.hibernate.type.PrimitiveCharacterArrayClobType@405f2de3
[2016-11-01 07:22:37,497] INFO  3051[localhost-startStop-1] - org.hibernate.type.BasicTypeRegistry.register(BasicTypeRegistry.java:150) - Type registration [wrapper_characters_clob] overrides previous : org.hibernate.type.CharacterArrayClobType@558ba1f1
[2016-11-01 07:22:37,497] INFO  3051[localhost-startStop-1] - org.hibernate.type.BasicTypeRegistry.register(BasicTypeRegistry.java:150) - Type registration [blob] overrides previous : org.hibernate.type.BlobType@319a8d01
[2016-11-01 07:22:37,498] INFO  3052[localhost-startStop-1] - org.hibernate.type.BasicTypeRegistry.register(BasicTypeRegistry.java:150) - Type registration [java.sql.Blob] overrides previous : org.hibernate.type.BlobType@319a8d01
[2016-11-01 07:22:37,498] INFO  3052[localhost-startStop-1] - org.hibernate.type.BasicTypeRegistry.register(BasicTypeRegistry.java:150) - Type registration [materialized_clob] overrides previous : org.hibernate.type.MaterializedClobType@5fabfeb6
[2016-11-01 07:22:37,498] INFO  3052[localhost-startStop-1] - org.hibernate.type.BasicTypeRegistry.register(BasicTypeRegistry.java:150) - Type registration [wrapper_materialized_blob] overrides previous : org.hibernate.type.WrappedMaterializedBlobType@c946ded
[2016-11-01 07:22:37,498] INFO  3052[localhost-startStop-1] - org.hibernate.type.BasicTypeRegistry.register(BasicTypeRegistry.java:150) - Type registration [clob] overrides previous : org.hibernate.type.ClobType@572e223c
[2016-11-01 07:22:37,499] INFO  3053[localhost-startStop-1] - org.hibernate.type.BasicTypeRegistry.register(BasicTypeRegistry.java:150) - Type registration [java.sql.Clob] overrides previous : org.hibernate.type.ClobType@572e223c
[2016-11-01 07:22:37,900] INFO  3454[localhost-startStop-1] - org.hibernate.impl.SessionFactoryObjectFactory.addInstance(SessionFactoryObjectFactory.java:105) - Not binding factory to JNDI, no JNDI name configured
[2016-11-01 07:22:37,904] INFO  3458[localhost-startStop-1] - org.hibernate.tool.hbm2ddl.SchemaUpdate.execute(SchemaUpdate.java:155) - Running hbm2ddl schema update
[2016-11-01 07:22:37,905] INFO  3459[localhost-startStop-1] - org.hibernate.tool.hbm2ddl.SchemaUpdate.execute(SchemaUpdate.java:167) - fetching database metadata
[2016-11-01 07:22:37,918] INFO  3472[localhost-startStop-1] - org.hibernate.tool.hbm2ddl.SchemaUpdate.execute(SchemaUpdate.java:179) - updating schema
[2016-11-01 07:22:38,043] INFO  3597[localhost-startStop-1] - org.hibernate.tool.hbm2ddl.TableMetadata.<init>(TableMetadata.java:65) - table found: oms.CardType
[2016-11-01 07:22:38,043] INFO  3597[localhost-startStop-1] - org.hibernate.tool.hbm2ddl.TableMetadata.<init>(TableMetadata.java:66) - columns: [issuenumber, cardcvv2, id, cardtype, cardnumber, expiration_date, issuedate]
[2016-11-01 07:22:38,043] INFO  3597[localhost-startStop-1] - org.hibernate.tool.hbm2ddl.TableMetadata.<init>(TableMetadata.java:68) - foreign keys: []
[2016-11-01 07:22:38,044] INFO  3598[localhost-startStop-1] - org.hibernate.tool.hbm2ddl.TableMetadata.<init>(TableMetadata.java:69) - indexes: [primary]
[2016-11-01 07:22:38,065] INFO  3619[localhost-startStop-1] - org.hibernate.tool.hbm2ddl.TableMetadata.<init>(TableMetadata.java:65) - table found: oms.CustomerTypes
[2016-11-01 07:22:38,065] INFO  3619[localhost-startStop-1] - org.hibernate.tool.hbm2ddl.TableMetadata.<init>(TableMetadata.java:66) - columns: [discount, id, minrange, typename, maxrange]
[2016-11-01 07:22:38,065] INFO  3619[localhost-startStop-1] - org.hibernate.tool.hbm2ddl.TableMetadata.<init>(TableMetadata.java:68) - foreign keys: []
[2016-11-01 07:22:38,066] INFO  3620[localhost-startStop-1] - org.hibernate.tool.hbm2ddl.TableMetadata.<init>(TableMetadata.java:69) - indexes: [primary]
[2016-11-01 07:22:38,086] INFO  3640[localhost-startStop-1] - org.hibernate.tool.hbm2ddl.TableMetadata.<init>(TableMetadata.java:65) - table found: oms.Dimensions
[2016-11-01 07:22:38,087] INFO  3641[localhost-startStop-1] - org.hibernate.tool.hbm2ddl.TableMetadata.<init>(TableMetadata.java:66) - columns: [numberofproducts, id, dimensionname]
[2016-11-01 07:22:38,087] INFO  3641[localhost-startStop-1] - org.hibernate.tool.hbm2ddl.TableMetadata.<init>(TableMetadata.java:68) - foreign keys: []
[2016-11-01 07:22:38,087] INFO  3641[localhost-startStop-1] - org.hibernate.tool.hbm2ddl.TableMetadata.<init>(TableMetadata.java:69) - indexes: [primary]
[2016-11-01 07:22:38,093] INFO  3647[localhost-startStop-1] - org.hibernate.tool.hbm2ddl.TableMetadata.<init>(TableMetadata.java:65) - table found: oms.OrderItems
[2016-11-01 07:22:38,094] INFO  3648[localhost-startStop-1] - org.hibernate.tool.hbm2ddl.TableMetadata.<init>(TableMetadata.java:66) - columns: [cost, quantity, orderref, itemprice, productref, id, dimensionref]
[2016-11-01 07:22:38,094] INFO  3648[localhost-startStop-1] - org.hibernate.tool.hbm2ddl.TableMetadata.<init>(TableMetadata.java:68) - foreign keys: []
[2016-11-01 07:22:38,094] INFO  3648[localhost-startStop-1] - org.hibernate.tool.hbm2ddl.TableMetadata.<init>(TableMetadata.java:69) - indexes: [fka2b1ad3262e1abf7, fka2b1ad32a6376397, fka2b1ad32bcdb3c97, primary]
[2016-11-01 07:22:38,114] INFO  3668[localhost-startStop-1] - org.hibernate.tool.hbm2ddl.TableMetadata.<init>(TableMetadata.java:65) - table found: oms.OrderStatuses
[2016-11-01 07:22:38,115] INFO  3669[localhost-startStop-1] - org.hibernate.tool.hbm2ddl.TableMetadata.<init>(TableMetadata.java:66) - columns: [orederstatusname, id]
[2016-11-01 07:22:38,115] INFO  3669[localhost-startStop-1] - org.hibernate.tool.hbm2ddl.TableMetadata.<init>(TableMetadata.java:68) - foreign keys: []
[2016-11-01 07:22:38,115] INFO  3669[localhost-startStop-1] - org.hibernate.tool.hbm2ddl.TableMetadata.<init>(TableMetadata.java:69) - indexes: [primary]
[2016-11-01 07:22:38,160] INFO  3714[localhost-startStop-1] - org.hibernate.tool.hbm2ddl.TableMetadata.<init>(TableMetadata.java:65) - table found: oms.Orders
[2016-11-01 07:22:38,160] INFO  3714[localhost-startStop-1] - org.hibernate.tool.hbm2ddl.TableMetadata.<init>(TableMetadata.java:66) - columns: [orderstatusref, maxdiscount, totalprice, ordernumber, assigne, id, isgift, orderdate, ordername, preferabledeliverydate, deliverydate, customer]
[2016-11-01 07:22:38,160] INFO  3714[localhost-startStop-1] - org.hibernate.tool.hbm2ddl.TableMetadata.<init>(TableMetadata.java:68) - foreign keys: []
[2016-11-01 07:22:38,160] INFO  3714[localhost-startStop-1] - org.hibernate.tool.hbm2ddl.TableMetadata.<init>(TableMetadata.java:69) - indexes: [ordernumber, fk8d444f05990db877, fk8d444f05f161465, fk8d444f05c0f431dd, primary]
[2016-11-01 07:22:38,190] INFO  3744[localhost-startStop-1] - org.hibernate.tool.hbm2ddl.TableMetadata.<init>(TableMetadata.java:65) - table found: oms.Products
[2016-11-01 07:22:38,190] INFO  3744[localhost-startStop-1] - org.hibernate.tool.hbm2ddl.TableMetadata.<init>(TableMetadata.java:66) - columns: [productdescription, productname, id, productprice, isproductactive]
[2016-11-01 07:22:38,190] INFO  3744[localhost-startStop-1] - org.hibernate.tool.hbm2ddl.TableMetadata.<init>(TableMetadata.java:68) - foreign keys: []
[2016-11-01 07:22:38,190] INFO  3744[localhost-startStop-1] - org.hibernate.tool.hbm2ddl.TableMetadata.<init>(TableMetadata.java:69) - indexes: [primary]
[2016-11-01 07:22:38,227] INFO  3781[localhost-startStop-1] - org.hibernate.tool.hbm2ddl.TableMetadata.<init>(TableMetadata.java:65) - table found: oms.Regions
[2016-11-01 07:22:38,228] INFO  3782[localhost-startStop-1] - org.hibernate.tool.hbm2ddl.TableMetadata.<init>(TableMetadata.java:66) - columns: [regionname, id]
[2016-11-01 07:22:38,228] INFO  3782[localhost-startStop-1] - org.hibernate.tool.hbm2ddl.TableMetadata.<init>(TableMetadata.java:68) - foreign keys: []
[2016-11-01 07:22:38,228] INFO  3782[localhost-startStop-1] - org.hibernate.tool.hbm2ddl.TableMetadata.<init>(TableMetadata.java:69) - indexes: [primary]
[2016-11-01 07:22:38,243] INFO  3797[localhost-startStop-1] - org.hibernate.tool.hbm2ddl.TableMetadata.<init>(TableMetadata.java:65) - table found: oms.Roles
[2016-11-01 07:22:38,244] INFO  3798[localhost-startStop-1] - org.hibernate.tool.hbm2ddl.TableMetadata.<init>(TableMetadata.java:66) - columns: [rolename, id]
[2016-11-01 07:22:38,244] INFO  3798[localhost-startStop-1] - org.hibernate.tool.hbm2ddl.TableMetadata.<init>(TableMetadata.java:68) - foreign keys: []
[2016-11-01 07:22:38,244] INFO  3798[localhost-startStop-1] - org.hibernate.tool.hbm2ddl.TableMetadata.<init>(TableMetadata.java:69) - indexes: [primary]
[2016-11-01 07:22:38,283] INFO  3837[localhost-startStop-1] - org.hibernate.tool.hbm2ddl.TableMetadata.<init>(TableMetadata.java:65) - table found: oms.Users
[2016-11-01 07:22:38,283] INFO  3837[localhost-startStop-1] - org.hibernate.tool.hbm2ddl.TableMetadata.<init>(TableMetadata.java:66) - columns: [regionref, firstname, password, balance, customertyperef, id, login, roleref, email, isuseractive, lastname]
[2016-11-01 07:22:38,283] INFO  3837[localhost-startStop-1] - org.hibernate.tool.hbm2ddl.TableMetadata.<init>(TableMetadata.java:68) - foreign keys: []
[2016-11-01 07:22:38,284] INFO  3838[localhost-startStop-1] - org.hibernate.tool.hbm2ddl.TableMetadata.<init>(TableMetadata.java:69) - indexes: [fk4e39de89aef426f, fk4e39de8fead4dcf, fk4e39de83d05058f, primary]
[2016-11-01 07:22:38,285] INFO  3839[localhost-startStop-1] - org.hibernate.tool.hbm2ddl.SchemaUpdate.execute(SchemaUpdate.java:217) - schema update complete
[2016-11-01 07:22:39,731] INFO  5285[localhost-startStop-1] - org.springframework.security.web.DefaultSecurityFilterChain.<init>(DefaultSecurityFilterChain.java:28) - Creating filter chain: org.springframework.security.web.util.AnyRequestMatcher@1, [org.springframework.security.web.session.ConcurrentSessionFilter@18fb8e8, org.springframework.security.web.context.SecurityContextPersistenceFilter@15b01e96, org.springframework.security.web.authentication.logout.LogoutFilter@78a8d84d, org.springframework.security.web.authentication.UsernamePasswordAuthenticationFilter@54175f92, org.springframework.security.web.savedrequest.RequestCacheAwareFilter@28a3f500, org.springframework.security.web.servletapi.SecurityContextHolderAwareRequestFilter@3df21a2c, org.springframework.security.web.authentication.rememberme.RememberMeAuthenticationFilter@326c76f, org.springframework.security.web.authentication.AnonymousAuthenticationFilter@6da3f356, org.springframework.security.web.session.SessionManagementFilter@5a9f1017, org.springframework.security.web.access.ExceptionTranslationFilter@77115212, org.springframework.security.web.access.intercept.FilterSecurityInterceptor@42b9fe20]
[2016-11-01 07:22:39,756] INFO  5310[localhost-startStop-1] - org.springframework.security.config.http.DefaultFilterChainValidator.checkLoginPageIsntProtected(DefaultFilterChainValidator.java:122) - Checking whether login URL '/login.htm' is accessible with your configuration
[2016-11-01 07:22:39,779] INFO  5333[localhost-startStop-1] - org.springframework.web.context.ContextLoader.initWebApplicationContext(ContextLoader.java:301) - Root WebApplicationContext: initialization completed in 5331 ms
[2016-11-01 07:41:04,017] INFO109571[localhost-startStop-2] - org.springframework.context.support.AbstractApplicationContext.doClose(AbstractApplicationContext.java:1020) - Closing Root WebApplicationContext: startup date [Tue Nov 01 07:22:34 EDT 2016]; root of context hierarchy
[2016-11-01 07:41:04,022] INFO109576[localhost-startStop-2] - org.springframework.beans.factory.support.DefaultSingletonBeanRegistry.destroySingletons(DefaultSingletonBeanRegistry.java:433) - Destroying singletons in org.springframework.beans.factory.support.DefaultListableBeanFactory@3c00f07e: defining beans [transactionManager,org.springframework.aop.config.internalAutoProxyCreator,org.springframework.transaction.annotation.AnnotationTransactionAttributeSource#0,org.springframework.transaction.interceptor.TransactionInterceptor#0,org.springframework.transaction.config.internalTransactionAdvisor,org.springframework.context.annotation.internalConfigurationAnnotationProcessor,org.springframework.context.annotation.internalAutowiredAnnotationProcessor,org.springframework.context.annotation.internalRequiredAnnotationProcessor,org.springframework.context.annotation.internalCommonAnnotationProcessor,org.springframework.context.annotation.internalPersistenceAnnotationProcessor,creditCardTypeDao,customerTypeDao,dimensionDao,orderDao,orderItemDao,orderStatusDao,productDao,regionDao,roleDao,userDao,customerTypeService,dimensionService,orderItemService,orderService,orderStatusService,productService,regionService,roleService,userService,mySessionFactory,addUserValidator,editUserValidator,addProductValidator,listProductModelValidator,org.springframework.web.servlet.mvc.annotation.AnnotationMethodHandlerAdapter#0,messageSource,validator,org.springframework.security.filterChains,org.springframework.security.filterChainProxy,org.springframework.security.web.PortMapperImpl#0,org.springframework.security.config.authentication.AuthenticationManagerFactoryBean#0,org.springframework.security.authentication.ProviderManager#0,org.springframework.security.web.context.HttpSessionSecurityContextRepository#0,org.springframework.security.web.savedrequest.HttpSessionRequestCache#0,org.springframework.security.web.access.expression.DefaultWebSecurityExpressionHandler#0,org.springframework.security.access.vote.AffirmativeBased#0,org.springframework.security.web.access.intercept.FilterSecurityInterceptor#0,org.springframework.security.web.access.DefaultWebInvocationPrivilegeEvaluator#0,org.springframework.security.authentication.AnonymousAuthenticationProvider#0,org.springframework.security.web.authentication.rememberme.TokenBasedRememberMeServices#0,org.springframework.security.authentication.RememberMeAuthenticationProvider#0,org.springframework.security.userDetailsServiceFactory,org.springframework.security.web.DefaultSecurityFilterChain#0,authenticationFilter,customAuthenticationFailureHandler,customAuthenticationSuccessHandler,authenticationEntryPoint,org.springframework.security.authentication.dao.DaoAuthenticationProvider#0,org.springframework.security.authentication.DefaultAuthenticationEventPublisher#0,org.springframework.security.authenticationManager,concurrencyFilter,sas,sessionRegistry,org.springframework.context.annotation.ConfigurationClassPostProcessor$ImportAwareBeanPostProcessor#0]; root of factory hierarchy
[2016-11-01 07:41:05,624] INFO111178[localhost-startStop-2] - org.springframework.orm.hibernate3.AbstractSessionFactoryBean.destroy(AbstractSessionFactoryBean.java:246) - Closing Hibernate SessionFactory
[2016-11-01 07:41:05,634] INFO111188[localhost-startStop-2] - org.hibernate.impl.SessionFactoryImpl.close(SessionFactoryImpl.java:927) - closing
[2016-11-01 07:41:05,635] INFO111189[localhost-startStop-2] - org.hibernate.connection.DriverManagerConnectionProvider.close(DriverManagerConnectionProvider.java:170) - cleaning up connection pool: jdbc:mysql://localhost:3306/oms
